<?xml version="1.0" encoding="UTF-8"?>
<!-- Generated by org.testng.reporters.JUnitXMLReporter -->
<testsuite ignored="2" hostname="DESKTOP-80FMGN3" failures="0" tests="2" name="Test" time="35.004" errors="0" timestamp="07 Sep 2019 18:53:14 GMT">
  <testcase classname="com.techpath.testcases.LoginTest" name="Login" time="5.939"/>
  <testcase classname="com.techpath.testcases.HomePage" name="test3" time="0.377"/>
  <testcase classname="com.techpath.testcases.HomePage" name="test2" time="0.0">
    <ignored/>
  </testcase> <!-- test2 -->
  <testcase classname="com.techpath.testcases.HomePage" name="HomePage" time="0.0">
    <ignored/>
  </testcase> <!-- HomePage -->
</testsuite> <!-- Test -->
